Figwheel: focusing on build-ids (dev)
[0mCompiling "resources/public/js/build/example.js" from ["src/cljs" "env/dev/cljs"]...
[32mSuccessfully compiled "resources/public/js/build/example.js" in 0.134 seconds.[0m
notifying browser that file changed:  resources/public/js/build/goog/deps.js
notifying browser that file changed:  resources/public/js/build/cljs_deps.js
notifying browser that file changed:  /cljsjs/react.js
notifying browser that file changed:  /example/conf.js
notifying browser that file changed:  /example/core.js
notifying browser that file changed:  /example/store.js
notifying browser that file changed:  /example/dev.js
notifying browser that file changed:  /example/ui_mouse_moves.js
notifying browser that file changed:  /example/ui_histograms.js
[0mCompiling "resources/public/js/build/example.js" from ["src/cljs" "env/dev/cljs"]...
[32mSuccessfully compiled "resources/public/js/build/example.js" in 0.344 seconds.[0m
notifying browser that file changed:  /example/store.js
Figwheel: focusing on build-ids (dev)
[0mCompiling "resources/public/js/build/example.js" from ["src/cljs" "env/dev/cljs"]...
[32mSuccessfully compiled "resources/public/js/build/example.js" in 0.14 seconds.[0m
notifying browser that file changed:  resources/public/js/build/goog/deps.js
notifying browser that file changed:  resources/public/js/build/cljs_deps.js
notifying browser that file changed:  /cljsjs/react.js
notifying browser that file changed:  /example/conf.js
notifying browser that file changed:  /example/core.js
notifying browser that file changed:  /example/store.js
notifying browser that file changed:  /example/dev.js
notifying browser that file changed:  /example/ui_mouse_moves.js
notifying browser that file changed:  /example/ui_histograms.js
[0mCompiling "resources/public/js/build/example.js" from ["src/cljs" "env/dev/cljs"]...
[32mSuccessfully compiled "resources/public/js/build/example.js" in 0.182 seconds.[0m
notifying browser that file changed:  /example/ui_mouse_moves.js
[0mCompiling "resources/public/js/build/example.js" from ["src/cljs" "env/dev/cljs"]...
[32mSuccessfully compiled "resources/public/js/build/example.js" in 0.184 seconds.[0m
notifying browser that file changed:  /example/ui_mouse_moves.js
[0mCompiling "resources/public/js/build/example.js" from ["src/cljs" "env/dev/cljs"]...
[32mSuccessfully compiled "resources/public/js/build/example.js" in 0.16 seconds.[0m
notifying browser that file changed:  /example/ui_mouse_moves.js
[0mCompiling "resources/public/js/build/example.js" from ["src/cljs" "env/dev/cljs"]...
[32mSuccessfully compiled "resources/public/js/build/example.js" in 0.172 seconds.[0m
notifying browser that file changed:  /example/ui_mouse_moves.js
Figwheel: focusing on build-ids (dev)
[0mCompiling "resources/public/js/build/example.js" from ["src/cljs" "env/dev/cljs"]...
[32mSuccessfully compiled "resources/public/js/build/example.js" in 0.13 seconds.[0m
notifying browser that file changed:  resources/public/js/build/goog/deps.js
notifying browser that file changed:  resources/public/js/build/cljs_deps.js
notifying browser that file changed:  /cljsjs/react.js
notifying browser that file changed:  /example/conf.js
notifying browser that file changed:  /example/core.js
notifying browser that file changed:  /example/store.js
notifying browser that file changed:  /example/dev.js
notifying browser that file changed:  /example/ui_mouse_moves.js
notifying browser that file changed:  /example/ui_histograms.js
[0mCompiling "resources/public/js/build/example.js" from ["src/cljs" "env/dev/cljs"]...
[32mSuccessfully compiled "resources/public/js/build/example.js" in 0.187 seconds.[0m
notifying browser that file changed:  /example/ui_mouse_moves.js
[0mCompiling "resources/public/js/build/example.js" from ["src/cljs" "env/dev/cljs"]...
[32mSuccessfully compiled "resources/public/js/build/example.js" in 0.178 seconds.[0m
notifying browser that file changed:  /example/ui_mouse_moves.js
[0mCompiling "resources/public/js/build/example.js" from ["src/cljs" "env/dev/cljs"]...
[32mSuccessfully compiled "resources/public/js/build/example.js" in 0.148 seconds.[0m
notifying browser that file changed:  /example/store.js
[0mCompiling "resources/public/js/build/example.js" from ["src/cljs" "env/dev/cljs"]...
[32mSuccessfully compiled "resources/public/js/build/example.js" in 0.174 seconds.[0m
notifying browser that file changed:  /example/ui_mouse_moves.js
[0mCompiling "resources/public/js/build/example.js" from ["src/cljs" "env/dev/cljs"]...
[32mSuccessfully compiled "resources/public/js/build/example.js" in 0.156 seconds.[0m
notifying browser that file changed:  /example/ui_mouse_moves.js
[0mCompiling "resources/public/js/build/example.js" from ["src/cljs" "env/dev/cljs"]...
[32mSuccessfully compiled "resources/public/js/build/example.js" in 0.156 seconds.[0m
notifying browser that file changed:  /example/store.js
[0mCompiling "resources/public/js/build/example.js" from ["src/cljs" "env/dev/cljs"]...
[32mSuccessfully compiled "resources/public/js/build/example.js" in 0.159 seconds.[0m
notifying browser that file changed:  /example/ui_mouse_moves.js
[0mCompiling "resources/public/js/build/example.js" from ["src/cljs" "env/dev/cljs"]...
[32mSuccessfully compiled "resources/public/js/build/example.js" in 0.158 seconds.[0m
notifying browser that file changed:  /example/ui_mouse_moves.js
Figwheel: focusing on build-ids (dev)
[0mCompiling "resources/public/js/build/example.js" from ["src/cljs" "env/dev/cljs"]...
[32mSuccessfully compiled "resources/public/js/build/example.js" in 0.13 seconds.[0m
notifying browser that file changed:  resources/public/js/build/goog/deps.js
notifying browser that file changed:  resources/public/js/build/cljs_deps.js
notifying browser that file changed:  /cljsjs/react.js
notifying browser that file changed:  /example/conf.js
notifying browser that file changed:  /example/core.js
notifying browser that file changed:  /example/store.js
notifying browser that file changed:  /example/dev.js
notifying browser that file changed:  /example/ui_mouse_moves.js
notifying browser that file changed:  /example/ui_histograms.js
Figwheel: focusing on build-ids (dev)
[0mCompiling "resources/public/js/build/example.js" from ["src/cljs" "env/dev/cljs"]...
[32mSuccessfully compiled "resources/public/js/build/example.js" in 0.129 seconds.[0m
notifying browser that file changed:  resources/public/js/build/goog/deps.js
notifying browser that file changed:  resources/public/js/build/cljs_deps.js
notifying browser that file changed:  /cljsjs/react.js
notifying browser that file changed:  /example/conf.js
notifying browser that file changed:  /example/core.js
notifying browser that file changed:  /example/store.js
notifying browser that file changed:  /example/dev.js
notifying browser that file changed:  /example/ui_mouse_moves.js
notifying browser that file changed:  /example/ui_histograms.js
Figwheel: focusing on build-ids (dev)
[0mCompiling "resources/public/js/build/example.js" from ["src/cljs" "env/dev/cljs"]...
[32mSuccessfully compiled "resources/public/js/build/example.js" in 0.127 seconds.[0m
notifying browser that file changed:  resources/public/js/build/goog/deps.js
notifying browser that file changed:  resources/public/js/build/cljs_deps.js
notifying browser that file changed:  /cljsjs/react.js
notifying browser that file changed:  /example/conf.js
notifying browser that file changed:  /example/core.js
notifying browser that file changed:  /example/store.js
notifying browser that file changed:  /example/dev.js
notifying browser that file changed:  /example/ui_mouse_moves.js
notifying browser that file changed:  /example/ui_histograms.js
Figwheel: focusing on build-ids (dev)
[0mCompiling "resources/public/js/build/example.js" from ["src/cljs" "env/dev/cljs"]...
[32mSuccessfully compiled "resources/public/js/build/example.js" in 0.129 seconds.[0m
notifying browser that file changed:  resources/public/js/build/goog/deps.js
notifying browser that file changed:  resources/public/js/build/cljs_deps.js
notifying browser that file changed:  /cljsjs/react.js
notifying browser that file changed:  /example/conf.js
notifying browser that file changed:  /example/core.js
notifying browser that file changed:  /example/store.js
notifying browser that file changed:  /example/dev.js
notifying browser that file changed:  /example/ui_mouse_moves.js
notifying browser that file changed:  /example/ui_histograms.js
Figwheel: focusing on build-ids (dev)
[0mCompiling "resources/public/js/build/example.js" from ["src/cljs" "env/dev/cljs"]...
[32mSuccessfully compiled "resources/public/js/build/example.js" in 0.132 seconds.[0m
notifying browser that file changed:  resources/public/js/build/goog/deps.js
notifying browser that file changed:  resources/public/js/build/cljs_deps.js
notifying browser that file changed:  /cljsjs/react.js
notifying browser that file changed:  /example/conf.js
notifying browser that file changed:  /example/core.js
notifying browser that file changed:  /example/store.js
notifying browser that file changed:  /example/dev.js
notifying browser that file changed:  /example/ui_mouse_moves.js
notifying browser that file changed:  /example/ui_histograms.js
Figwheel: focusing on build-ids (dev)
[0mCompiling "resources/public/js/build/example.js" from ["src/cljs" "env/dev/cljs"]...
[32mSuccessfully compiled "resources/public/js/build/example.js" in 0.128 seconds.[0m
notifying browser that file changed:  resources/public/js/build/goog/deps.js
notifying browser that file changed:  resources/public/js/build/cljs_deps.js
notifying browser that file changed:  /cljsjs/react.js
notifying browser that file changed:  /example/conf.js
notifying browser that file changed:  /example/core.js
notifying browser that file changed:  /example/store.js
notifying browser that file changed:  /example/dev.js
notifying browser that file changed:  /example/ui_mouse_moves.js
notifying browser that file changed:  /example/ui_histograms.js
Figwheel: focusing on build-ids (dev)
[0mCompiling "resources/public/js/build/example.js" from ["src/cljs" "env/dev/cljs"]...
[32mSuccessfully compiled "resources/public/js/build/example.js" in 0.127 seconds.[0m
notifying browser that file changed:  resources/public/js/build/goog/deps.js
notifying browser that file changed:  resources/public/js/build/cljs_deps.js
notifying browser that file changed:  /cljsjs/react.js
notifying browser that file changed:  /example/conf.js
notifying browser that file changed:  /example/core.js
notifying browser that file changed:  /example/store.js
notifying browser that file changed:  /example/dev.js
notifying browser that file changed:  /example/ui_mouse_moves.js
notifying browser that file changed:  /example/ui_histograms.js
Figwheel: focusing on build-ids (dev)
[0mCompiling "resources/public/js/build/example.js" from ["src/cljs" "env/dev/cljs"]...
[32mSuccessfully compiled "resources/public/js/build/example.js" in 0.132 seconds.[0m
notifying browser that file changed:  resources/public/js/build/goog/deps.js
notifying browser that file changed:  resources/public/js/build/cljs_deps.js
notifying browser that file changed:  /cljsjs/react.js
notifying browser that file changed:  /example/conf.js
notifying browser that file changed:  /example/core.js
notifying browser that file changed:  /example/store.js
notifying browser that file changed:  /example/dev.js
notifying browser that file changed:  /example/ui_mouse_moves.js
notifying browser that file changed:  /example/ui_histograms.js
Figwheel: focusing on build-ids (dev)
[0mCompiling "resources/public/js/build/example.js" from ["src/cljs" "env/dev/cljs"]...
[32mSuccessfully compiled "resources/public/js/build/example.js" in 0.136 seconds.[0m
notifying browser that file changed:  resources/public/js/build/goog/deps.js
notifying browser that file changed:  resources/public/js/build/cljs_deps.js
notifying browser that file changed:  /cljsjs/react.js
notifying browser that file changed:  /example/conf.js
notifying browser that file changed:  /example/core.js
notifying browser that file changed:  /example/store.js
notifying browser that file changed:  /example/dev.js
notifying browser that file changed:  /example/ui_mouse_moves.js
notifying browser that file changed:  /example/ui_histograms.js
Figwheel: focusing on build-ids (dev)
[0mCompiling "resources/public/js/build/example.js" from ["src/cljs" "env/dev/cljs"]...
[32mSuccessfully compiled "resources/public/js/build/example.js" in 0.134 seconds.[0m
notifying browser that file changed:  resources/public/js/build/goog/deps.js
notifying browser that file changed:  resources/public/js/build/cljs_deps.js
notifying browser that file changed:  /cljsjs/react.js
notifying browser that file changed:  /example/conf.js
notifying browser that file changed:  /example/core.js
notifying browser that file changed:  /example/store.js
notifying browser that file changed:  /example/dev.js
notifying browser that file changed:  /example/ui_mouse_moves.js
notifying browser that file changed:  /example/ui_histograms.js
Figwheel: focusing on build-ids (dev)
[0mCompiling "resources/public/js/build/example.js" from ["src/cljs" "env/dev/cljs"]...
[32mSuccessfully compiled "resources/public/js/build/example.js" in 0.128 seconds.[0m
notifying browser that file changed:  resources/public/js/build/goog/deps.js
notifying browser that file changed:  resources/public/js/build/cljs_deps.js
notifying browser that file changed:  /cljsjs/react.js
notifying browser that file changed:  /example/conf.js
notifying browser that file changed:  /example/core.js
notifying browser that file changed:  /example/store.js
notifying browser that file changed:  /example/dev.js
notifying browser that file changed:  /example/ui_mouse_moves.js
notifying browser that file changed:  /example/ui_histograms.js
[0mCompiling "resources/public/js/build/example.js" from ["src/cljs" "env/dev/cljs"]...
[32mSuccessfully compiled "resources/public/js/build/example.js" in 0.179 seconds.[0m
notifying browser that file changed:  /example/ui_mouse_moves.js
[0mCompiling "resources/public/js/build/example.js" from ["src/cljs" "env/dev/cljs"]...
[32mSuccessfully compiled "resources/public/js/build/example.js" in 0.164 seconds.[0m
notifying browser that file changed:  /example/ui_mouse_moves.js
[0mCompiling "resources/public/js/build/example.js" from ["src/cljs" "env/dev/cljs"]...
[32mSuccessfully compiled "resources/public/js/build/example.js" in 0.168 seconds.[0m
notifying browser that file changed:  /example/ui_mouse_moves.js
[0mCompiling "resources/public/js/build/example.js" from ["src/cljs" "env/dev/cljs"]...
[32mSuccessfully compiled "resources/public/js/build/example.js" in 0.173 seconds.[0m
notifying browser that file changed:  resources/public/js/build/cljs_deps.js
notifying browser that file changed:  /example/ui_mouse_moves.js
[0mCompiling "resources/public/js/build/example.js" from ["src/cljs" "env/dev/cljs"]...
[32mSuccessfully compiled "resources/public/js/build/example.js" in 0.158 seconds.[0m
notifying browser that file changed:  resources/public/js/build/cljs_deps.js
notifying browser that file changed:  /example/ui_mouse_moves.js
[0mCompiling "resources/public/js/build/example.js" from ["src/cljs" "env/dev/cljs"]...
[32mSuccessfully compiled "resources/public/js/build/example.js" in 0.165 seconds.[0m
notifying browser that file changed:  /example/ui_mouse_moves.js
Figwheel: focusing on build-ids (dev)
[0mCompiling "resources/public/js/build/example.js" from ["src/cljs" "env/dev/cljs"]...
[32mSuccessfully compiled "resources/public/js/build/example.js" in 0.128 seconds.[0m
notifying browser that file changed:  resources/public/js/build/goog/deps.js
notifying browser that file changed:  resources/public/js/build/cljs_deps.js
notifying browser that file changed:  /cljsjs/react.js
notifying browser that file changed:  /example/conf.js
notifying browser that file changed:  /example/core.js
notifying browser that file changed:  /example/store.js
notifying browser that file changed:  /example/dev.js
notifying browser that file changed:  /example/ui_mouse_moves.js
notifying browser that file changed:  /example/ui_histograms.js
[0mCompiling "resources/public/js/build/example.js" from ["src/cljs" "env/dev/cljs"]...
[32mSuccessfully compiled "resources/public/js/build/example.js" in 0.181 seconds.[0m
notifying browser that file changed:  /example/ui_mouse_moves.js
[0mCompiling "resources/public/js/build/example.js" from ["src/cljs" "env/dev/cljs"]...
[32mSuccessfully compiled "resources/public/js/build/example.js" in 0.166 seconds.[0m
notifying browser that file changed:  /example/ui_mouse_moves.js
